<?xml version="1.0" encoding="UTF-8"?>
<testsuite name="com.harbourspace.cloudcomputing.CloudcomputingApplicationTests" tests="1" skipped="0" failures="0" errors="0" timestamp="2023-06-12T19:33:02" hostname="GLV-M-RQRXDWXDKV" time="0.352">
  <properties/>
  <testcase name="contextLoads()" classname="com.harbourspace.cloudcomputing.CloudcomputingApplicationTests" time="0.352"/>
  <system-out><![CDATA[21:33:01.165 [Test worker] INFO org.springframework.test.context.support.AnnotationConfigContextLoaderUtils -- Could not detect default configuration classes for test class [com.harbourspace.cloudcomputing.CloudcomputingApplicationTests]: CloudcomputingApplicationTests does not declare any static, non-private, non-final, nested classes annotated with @Configuration.
21:33:01.199 [Test worker] INFO org.springframework.boot.test.context.SpringBootTestContextBootstrapper -- Found @SpringBootConfiguration com.harbourspace.cloudcomputing.CloudcomputingApplication for test class com.harbourspace.cloudcomputing.CloudcomputingApplicationTests

  .   ____          _            __ _ _
 /\\ / ___'_ __ _ _(_)_ __  __ _ \ \ \ \
( ( )\___ | '_ | '_| | '_ \/ _` | \ \ \ \
 \\/  ___)| |_)| | | | | || (_| |  ) ) ) )
  '  |____| .__|_| |_|_| |_\__, | / / / /
 =========|_|==============|___/=/_/_/_/
 :: Spring Boot ::                (v3.1.0)

2023-06-12T21:33:01.324+02:00  INFO 63589 --- [    Test worker] c.h.c.CloudcomputingApplicationTests     : Starting CloudcomputingApplicationTests using Java 20 with PID 63589 (started by igor.sakhankov in /Users/igor.sakhankov/harbour/harbourspace-cloudcomputing)
2023-06-12T21:33:01.325+02:00  INFO 63589 --- [    Test worker] c.h.c.CloudcomputingApplicationTests     : No active profile set, falling back to 1 default profile: "default"
2023-06-12T21:33:01.540+02:00  INFO 63589 --- [    Test worker] .s.d.r.c.RepositoryConfigurationDelegate : Bootstrapping Spring Data JPA repositories in DEFAULT mode.
2023-06-12T21:33:01.548+02:00  INFO 63589 --- [    Test worker] .s.d.r.c.RepositoryConfigurationDelegate : Finished Spring Data repository scanning in 4 ms. Found 0 JPA repository interfaces.
2023-06-12T21:33:01.675+02:00  INFO 63589 --- [    Test worker] com.zaxxer.hikari.HikariDataSource       : HikariPool-1 - Starting...
2023-06-12T21:33:01.744+02:00  INFO 63589 --- [    Test worker] com.zaxxer.hikari.pool.HikariPool        : HikariPool-1 - Added connection conn0: url=jdbc:h2:mem:560aae35-dd52-4848-85eb-3d023711ac9b user=SA
2023-06-12T21:33:01.745+02:00  INFO 63589 --- [    Test worker] com.zaxxer.hikari.HikariDataSource       : HikariPool-1 - Start completed.
2023-06-12T21:33:01.762+02:00  INFO 63589 --- [    Test worker] o.hibernate.jpa.internal.util.LogHelper  : HHH000204: Processing PersistenceUnitInfo [name: default]
2023-06-12T21:33:01.778+02:00  INFO 63589 --- [    Test worker] org.hibernate.Version                    : HHH000412: Hibernate ORM core version 6.2.2.Final
2023-06-12T21:33:01.778+02:00  INFO 63589 --- [    Test worker] org.hibernate.cfg.Environment            : HHH000406: Using bytecode reflection optimizer
2023-06-12T21:33:01.820+02:00  INFO 63589 --- [    Test worker] o.h.b.i.BytecodeProviderInitiator        : HHH000021: Bytecode provider name : bytebuddy
2023-06-12T21:33:01.863+02:00  INFO 63589 --- [    Test worker] o.s.o.j.p.SpringPersistenceUnitInfo      : No LoadTimeWeaver setup: ignoring JPA class transformer
2023-06-12T21:33:01.879+02:00  INFO 63589 --- [    Test worker] org.hibernate.orm.dialect                : HHH035001: Using dialect: org.hibernate.dialect.H2Dialect, version: 2.1.214
2023-06-12T21:33:01.908+02:00  INFO 63589 --- [    Test worker] o.h.b.i.BytecodeProviderInitiator        : HHH000021: Bytecode provider name : bytebuddy
2023-06-12T21:33:01.985+02:00  INFO 63589 --- [    Test worker] o.h.e.t.j.p.i.JtaPlatformInitiator       : HHH000490: Using JtaPlatform implementation: [org.hibernate.engine.transaction.jta.platform.internal.NoJtaPlatform]
2023-06-12T21:33:01.987+02:00  INFO 63589 --- [    Test worker] j.LocalContainerEntityManagerFactoryBean : Initialized JPA EntityManagerFactory for persistence unit 'default'
2023-06-12T21:33:02.044+02:00  WARN 63589 --- [    Test worker] JpaBaseConfiguration$JpaWebConfiguration : spring.jpa.open-in-view is enabled by default. Therefore, database queries may be performed during view rendering. Explicitly configure spring.jpa.open-in-view to disable this warning
2023-06-12T21:33:02.193+02:00  INFO 63589 --- [    Test worker] c.h.c.CloudcomputingApplicationTests     : Started CloudcomputingApplicationTests in 0.941 seconds (process running for 1.355)
]]></system-out>
  <system-err><![CDATA[]]></system-err>
</testsuite>
